2024-07-22 19:49:09.385 [main] INFO  org.artfig.examples.CsvReaderExample - java.lang.RuntimeException
2024-07-22 19:49:24.619 [main] ERROR org.artfig.examples.CsvReaderExample - java.lang.RuntimeException
2024-07-22 19:52:08.327 [main] ERROR org.artfig.examples.CsvReaderExample - [Ljava.lang.StackTraceElement;@3e6104fc
2024-07-22 19:52:42.751 [main] ERROR org.artfig.examples.CsvReaderExample - java.base/java.lang.Thread.getStackTrace(Thread.java:1619)
2024-07-22 19:53:03.604 [main] ERROR org.artfig.examples.CsvReaderExample - org.artfig.examples.CsvReaderExample.main(CsvReaderExample.java:35)
2024-07-22 19:57:32.528 [main] ERROR org.artfig.examples.CsvReaderExample - org.artfig.examples.StackTrace.trace(StackTrace.java:6)
2024-07-22 19:59:09.116 [main] ERROR org.artfig.examples.StackTrace - org.artfig.examples.StackTrace.main(StackTrace.java:17)
2024-07-22 20:08:58.877 [main] ERROR org.artfig.examples.StackTrace - org.artfig.examples.StackTrace.main(StackTrace.java:17)
2024-07-22 20:12:20.963 [main] ERROR org.artfig.examples.ErrorMessage - sample@org.artfig.examples.ErrorMessage.<init>(ErrorMessage.java:15)
2024-07-22 20:13:45.400 [main] ERROR org.artfig.examples.ErrorMessage - sample@org.artfig.examples.ErrorMessage.main(ErrorMessage.java:23)
2024-07-22 20:18:36.258 [main] ERROR org.artfig.examples.ErrorMessageFactory - sample@org.artfig.examples.ErrorMessageFactory.getErrorMessage(ErrorMessageFactory.java:15)
2024-07-22 20:35:16.087 [main] ERROR org.artfig.examples.StackTrace - org.artfig.examples.StackTrace.main(StackTrace.java:33)
2024-07-22 20:38:18.180 [main] ERROR org.artfig.examples.ErrorMessageFactory - sample@org.artfig.examples.ErrorMessageFactory.getErrorMessage(ErrorMessageFactory.java:15)
2024-07-22 20:39:01.289 [main] ERROR org.artfig.examples.ErrorMessageFactory - sample@org.artfig.examples.ErrorMessageFactory.main(ErrorMessageFactory.java:21)
2024-07-22 20:40:17.797 [main] ERROR org.artfig.examples.ErrorMessageFactory - sample@final-org.artfig.examples.ErrorMessageFactory.main(ErrorMessageFactory.java:21)
2024-07-22 20:41:05.527 [main] ERROR org.artfig.examples.CsvReaderExample - org.artfig.examples.CsvReaderExample.main(CsvReaderExample.java:35)
2024-07-22 20:41:05.538 [main] ERROR org.artfig.examples.CsvReaderExample - sample@org.artfig.examples.CsvReaderExample.main(CsvReaderExample.java:38)
2024-07-22 20:44:53.021 [main] ERROR org.artfig.examples.StackTrace - org.artfig.examples.StackTrace.trace(StackTrace.java:16)
2024-07-22 20:47:17.687 [main] ERROR org.artfig.examples.StackTrace - org.artfig.examples.StackTrace.main(StackTrace.java:36)
2024-07-22 20:47:28.227 [main] ERROR org.artfig.examples.ErrorMessageFactory - sample@final-org.artfig.examples.ErrorMessageFactory.main(ErrorMessageFactory.java:21)
2024-07-22 20:47:39.348 [main] ERROR org.artfig.examples.ErrorMessage - sample@final-org.artfig.examples.ErrorMessage.main(ErrorMessage.java:23)
2024-07-22 20:47:52.537 [main] ERROR org.artfig.examples.CsvReaderExample - org.artfig.examples.CsvReaderExample.main(CsvReaderExample.java:35)
2024-07-22 20:47:52.543 [main] ERROR org.artfig.examples.CsvReaderExample - sample@org.artfig.examples.CsvReaderExample.main(CsvReaderExample.java:38)
